<?xml version="1.0" encoding="UTF-8"?>
<!-- Generated by org.testng.reporters.JUnitReportReporter -->
<testsuite hostname="DESKTOP-E006S59" failures="0" tests="1" name="Login" time="13.879" errors="0" timestamp="2023-10-19T16:07:57 IST" skipped="0">
  <testcase classname="Login" name="verifyLoginwithValidCredentials" time="13.879"/>
</testsuite> <!-- Login -->
