<?xml version="1.0" encoding="UTF-8"?>
<!-- Generated by org.testng.reporters.JUnitReportReporter -->
<testsuite hostname="DESKTOP-E006S59" failures="0" tests="2" name="com.ram.tests.Firsttest" time="20.556" errors="0" timestamp="2023-10-22T15:29:32 IST" skipped="0">
  <testcase classname="com.ram.tests.Firsttest" name="TestGoogle" time="10.049"/>
  <testcase classname="com.ram.tests.Firsttest" name="TestFacebook" time="10.507"/>
</testsuite> <!-- com.ram.tests.Firsttest -->
