<?xml version="1.0" encoding="UTF-8"?>
<!-- Generated by org.testng.reporters.JUnitReportReporter -->
<testsuite hostname="DESKTOP-E006S59" failures="0" tests="2" name="Demo" time="0.047" errors="0" timestamp="2023-10-19T16:35:11 IST" skipped="0">
  <testcase classname="Demo" name="firstMethod" time="0.023"/>
  <testcase classname="Demo" name="secondMethod" time="0.024"/>
</testsuite> <!-- Demo -->
